{"level":"info","msg":"ahahaha","time":"09 Aug 20 22:10 CST"}
{"level":"info","msg":"ahahaha","time":"09 Aug 20 22:10 CST"}
{"level":"info","msg":"ahahaha","time":"09 Aug 20 22:10 CST"}
{"level":"info","msg":"ahahaha","time":"09 Aug 20 22:10 CST"}
{"level":"info","msg":"ahahaha","time":"09 Aug 20 22:10 CST"}
{"level":"info","msg":"ahahaha","time":"09 Aug 20 22:10 CST"}
{"level":"info","msg":"ahahaha","time":"09 Aug 20 22:12 CST"}
{"int":123,"level":"fatal","msg":"bababa666","time":"09 Aug 20 22:12 CST"}
{"level":"info","msg":"ahahaha","time":"09 Aug 20 22:13 CST"}
{"int":123,"level":"fatal","msg":"bababa666","time":"09 Aug 20 22:13 CST"}
{"level":"info","msg":"ahahaha","time":"09 Aug 20 22:14 CST"}
{"int":123,"level":"info","msg":"bababa666","time":"09 Aug 20 22:14 CST"}
{"level":"info","msg":"ahahaha","time":"09 Aug 20 22:14 CST"}
{"int":123,"level":"info","msg":"bababa666","time":"09 Aug 20 22:14 CST"}
{"level":"info","msg":"ahahaha","time":"09 Aug 20 22:14 CST"}
{"int":123,"level":"info","msg":"bababa666","time":"09 Aug 20 22:14 CST"}
{"level":"info","msg":"ahahaha","time":"09 Aug 20 22:14 CST"}
{"int":123,"level":"info","msg":"bababa666","time":"09 Aug 20 22:14 CST"}
{"level":"info","msg":"ahahaha","time":"10 Aug 20 19:26 CST"}
{"int":123,"level":"info","msg":"bababa666","time":"10 Aug 20 19:26 CST"}
{"level":"info","msg":"ahahaha","time":"10 Aug 20 19:26 CST"}
{"int":123,"level":"info","msg":"bababa666","time":"10 Aug 20 19:26 CST"}
{"level":"info","msg":"ahahaha","time":"10 Aug 20 19:31 CST"}
{"int":123,"level":"info","msg":"bababa666","time":"10 Aug 20 19:31 CST"}
{"level":"info","msg":"ahahaha","time":"10 Aug 20 19:38 CST"}
{"level":"info","msg":"bababa666","time":"10 Aug 20 19:38 CST"}
{"level":"info","msg":"ahahaha","time":"10 Aug 20 19:38 CST"}
{"level":"info","msg":"bababa666","time":"10 Aug 20 19:38 CST"}
{"level":"info","msg":"ahahaha","time":"10 Aug 20 19:39 CST"}
{"level":"info","msg":"bababa666","time":"10 Aug 20 19:39 CST"}
{"level":"info","msg":"ahahaha","time":"10 Aug 20 19:39 CST"}
{"level":"info","msg":"bababa666","time":"10 Aug 20 19:39 CST"}
{"level":"info","msg":"ahahaha","time":"10 Aug 20 19:52 CST"}
{"level":"info","msg":"bababa666","time":"10 Aug 20 19:52 CST"}
{"level":"info","msg":"ahahaha","time":"10 Aug 20 19:56 CST"}
{"level":"info","msg":"bababa666","time":"10 Aug 20 19:56 CST"}
{"level":"info","msg":"ahahaha","time":"10 Aug 20 20:01 CST"}
{"int":123,"level":"info","msg":"bababa666","time":"10 Aug 20 20:01 CST"}
{"level":"info","msg":"ahahaha","time":"10 Aug 20 20:01 CST"}
{"int":123,"level":"info","msg":"bababa666","time":"10 Aug 20 20:01 CST"}
{"level":"info","msg":"ahahaha","time":"10 Aug 20 20:09 CST"}
{"int":123,"level":"info","msg":"bababa666","time":"10 Aug 20 20:09 CST"}
{"level":"info","msg":"ahahaha","time":"10 Aug 20 20:09 CST"}
{"int":123,"level":"info","msg":"bababa666","time":"10 Aug 20 20:09 CST"}
{"level":"info","msg":"ahahaha","time":"10 Aug 20 20:09 CST"}
{"int":123,"level":"info","msg":"bababa666","time":"10 Aug 20 20:09 CST"}
{"level":"info","msg":"ahahaha","time":"10 Aug 20 20:10 CST"}
{"int":123,"level":"info","msg":"bababa666","time":"10 Aug 20 20:10 CST"}
{"level":"info","msg":"ahahaha","time":"10 Aug 20 20:10 CST"}
{"int":123,"level":"info","msg":"bababa666","time":"10 Aug 20 20:10 CST"}
{"level":"info","msg":"ahahaha","time":"10 Aug 20 20:14 CST"}
{"int":123,"level":"info","msg":"bababa666","time":"10 Aug 20 20:14 CST"}
{"created_at":5,"id":"2","level":"info","msg":"gagagga","name":"jack","time":"10 Aug 20 20:14 CST","user_id":"123"}
{"level":"info","msg":"ahahaha","time":"10 Aug 20 20:15 CST"}
{"int":123,"level":"info","msg":"bababa666","time":"10 Aug 20 20:15 CST"}
{"animal":"walrus","created_at":5,"id":"2","level":"info","msg":"gagagga","name":"jack","time":"10 Aug 20 20:15 CST","user_id":"123"}
{"level":"info","msg":"ahahaha","time":"14 Aug 20 19:44 CST"}
{"int":123,"level":"info","msg":"bababa666","time":"14 Aug 20 19:44 CST"}
{"animal":"walrus","created_at":5,"id":"2","level":"info","msg":"gagagga","name":"jack","time":"14 Aug 20 19:44 CST","user_id":"123"}
{"level":"info","msg":"ahahaha","time":"14 Aug 20 19:44 CST"}
{"int":123,"level":"info","msg":"bababa666","time":"14 Aug 20 19:44 CST"}
{"animal":"walrus","created_at":5,"id":"2","level":"info","msg":"gagagga","name":"jack","time":"14 Aug 20 19:44 CST","user_id":"123"}
{"level":"info","msg":"ahahaha","time":"14 Aug 20 19:44 CST"}
{"int":123,"level":"info","msg":"bababa666","time":"14 Aug 20 19:44 CST"}
{"animal":"walrus","created_at":5,"id":"2","level":"info","msg":"gagagga","name":"jack","time":"14 Aug 20 19:44 CST","user_id":"123"}
{"level":"info","msg":"[hook1]","time":"27 Aug 20 21:51 CST"}
{"level":"info","msg":"[{token aaa hahaha-aaaa cmd aaaa}]","time":"27 Aug 20 21:51 CST"}
{"level":"info","msg":"[hook2]","time":"27 Aug 20 21:51 CST"}
{"level":"info","msg":"[{token bbbb hahaha-bbbb cmd bbbb}]","time":"27 Aug 20 21:51 CST"}
{"level":"info","msg":"[hook1]","time":"27 Aug 20 21:56 CST"}
{"level":"info","msg":"[{token aaa hahaha-aaaa cmd aaaa}]","time":"27 Aug 20 21:56 CST"}
{"level":"info","msg":"[hook2]","time":"27 Aug 20 21:56 CST"}
{"level":"info","msg":"[{token bbbb hahaha-bbbb cmd bbbb}]","time":"27 Aug 20 21:56 CST"}
{"level":"info","msg":"[hook2]","time":"27 Aug 20 21:59 CST"}
{"level":"info","msg":"[{token bbbb hahaha-bbbb cmd bbbb}]","time":"27 Aug 20 21:59 CST"}
{"level":"info","msg":"[hook1]","time":"27 Aug 20 21:59 CST"}
{"level":"info","msg":"[{token aaa hahaha-aaaa cmd aaaa}]","time":"27 Aug 20 21:59 CST"}
{"level":"info","msg":"[ahahaha]","time":"27 Aug 20 21:59 CST"}
{"int":123,"level":"info","msg":"bababa666","time":"27 Aug 20 21:59 CST"}
{"animal":"walrus","created_at":5,"id":"2","level":"info","msg":"gagagga","name":"jack","time":"27 Aug 20 21:59 CST","user_id":"123"}
{"level":"info","msg":"[hook1]","time":"27 Aug 20 22:00 CST"}
{"level":"info","msg":"[{token aaa hahaha-aaaa cmd aaaa}]","time":"27 Aug 20 22:00 CST"}
{"level":"info","msg":"[hook2]","time":"27 Aug 20 22:00 CST"}
{"level":"info","msg":"[{token bbbb hahaha-bbbb cmd bbbb}]","time":"27 Aug 20 22:00 CST"}
{"level":"info","msg":"[ahahaha]","time":"27 Aug 20 22:00 CST"}
{"int":123,"level":"info","msg":"bababa666","time":"27 Aug 20 22:00 CST"}
{"animal":"walrus","created_at":5,"id":"2","level":"info","msg":"gagagga","name":"jack","time":"27 Aug 20 22:00 CST","user_id":"123"}
{"level":"info","msg":"[hook2]","time":"27 Aug 20 22:00 CST"}
{"level":"info","msg":"[{token bbbb hahaha-bbbb cmd bbbb}]","time":"27 Aug 20 22:00 CST"}
{"level":"info","msg":"[hook1]","time":"27 Aug 20 22:00 CST"}
{"level":"info","msg":"[{token aaa hahaha-aaaa cmd aaaa}]","time":"27 Aug 20 22:00 CST"}
{"level":"info","msg":"[hook1]","time":"27 Aug 20 22:49 CST"}
{"level":"info","msg":"[{token aaa hahaha-aaaa cmd aaaa}]","time":"27 Aug 20 22:49 CST"}
{"level":"info","msg":"[hook2]","time":"27 Aug 20 22:49 CST"}
{"level":"info","msg":"[{token bbbb hahaha-bbbb cmd bbbb}]","time":"27 Aug 20 22:49 CST"}
{"level":"info","msg":"[ahahaha]","time":"27 Aug 20 22:49 CST"}
{"int":123,"level":"info","msg":"bababa666","time":"27 Aug 20 22:49 CST"}
{"animal":"walrus","created_at":5,"id":"2","level":"info","msg":"gagagga","name":"jack","time":"27 Aug 20 22:49 CST","user_id":"123"}
{"level":"info","msg":"[ahahaha]","time":"27 Aug 20 22:49 CST"}
{"int":123,"level":"info","msg":"bababa666","time":"27 Aug 20 22:49 CST"}
{"animal":"walrus","created_at":5,"id":"2","level":"info","msg":"gagagga","name":"jack","time":"27 Aug 20 22:49 CST","user_id":"123"}
{"level":"info","msg":"[ahahaha]","time":"27 Aug 20 22:51 CST"}
{"int":123,"level":"info","msg":"bababa666","time":"27 Aug 20 22:51 CST"}
{"animal":"walrus","created_at":5,"id":"2","level":"info","msg":"gagagga","name":"jack","time":"27 Aug 20 22:51 CST","user_id":"123"}
{"level":"info","msg":"[hook2]","time":"28 Aug 20 19:35 CST"}
{"level":"info","msg":"[{token bbbb hahaha-bbbb cmd bbbb}]","time":"28 Aug 20 19:35 CST"}
{"level":"info","msg":"[hook1]","time":"28 Aug 20 19:35 CST"}
{"level":"info","msg":"[{token aaa hahaha-aaaa cmd aaaa}]","time":"28 Aug 20 19:35 CST"}
{"level":"info","msg":"[hook1]","time":"28 Aug 20 19:37 CST"}
{"level":"info","msg":"[{token aaa hahaha-aaaa cmd aaaa}]","time":"28 Aug 20 19:37 CST"}
{"level":"info","msg":"[hook2]","time":"28 Aug 20 19:37 CST"}
{"level":"info","msg":"[{token bbbb hahaha-bbbb cmd bbbb}]","time":"28 Aug 20 19:37 CST"}
{"level":"info","msg":"[hahaha-aaaa]","time":"28 Aug 20 19:50 CST"}
{"level":"info","msg":"[hahaha-aaaa]","time":"28 Aug 20 21:08 CST"}
{"level":"info","msg":"[/hooks/abc]","time":"28 Aug 20 21:30 CST"}
{"level":"info","msg":"[/hooks/abc]","time":"28 Aug 20 21:30 CST"}
{"level":"info","msg":"Aliyun registry hooker payload json decode failed: [EOF]\n","time":"29 Aug 20 09:29 CST"}
{"level":"info","msg":"Exec command failed: [exit status 127]\n","time":"29 Aug 20 09:29 CST"}
{"level":"info","msg":"Run [123 ] output: %!s(MISSING)\n","time":"29 Aug 20 09:29 CST"}
{"level":"info","msg":"Aliyun registry hooker payload json decode failed: [EOF]\n","time":"29 Aug 20 09:32 CST"}
{"level":"info","msg":"Exec command failed: [exit status 127]\n","time":"29 Aug 20 09:32 CST"}
{"level":"info","msg":"Run [123 ] output: %!s(MISSING)\n","time":"29 Aug 20 09:32 CST"}
{"level":"info","msg":"Aliyun registry hooker run command failed: [exit status 127]\n","time":"29 Aug 20 09:32 CST"}
{"level":"info","msg":"Aliyun registry hooker payload json decode failed: [EOF]\n","time":"29 Aug 20 10:16 CST"}
{"level":"info","msg":"Aliyun registry hooker payload json decode failed: [EOF]\n","time":"29 Aug 20 10:16 CST"}
{"level":"info","msg":"Aliyun registry hooker payload json decode failed: [EOF]\n","time":"29 Aug 20 10:20 CST"}
{"level":"info","msg":"Aliyun registry hooker payload json decode failed: [EOF]\n","time":"29 Aug 20 10:20 CST"}
{"level":"info","msg":"Aliyun registry hooker payload json decode failed: [EOF]\n","time":"29 Aug 20 10:41 CST"}
{"level":"info","msg":"Error locating command: '[123]'","time":"30 Aug 20 11:29 CST"}
{"level":"info","msg":"Error locating command: '[123]'","time":"30 Aug 20 11:43 CST"}
{"level":"info","msg":"Error locating command: '[ll]'","time":"30 Aug 20 11:45 CST"}
{"level":"info","msg":"Executing [ls /bin/ls [/bin/ls] /123] (%!s(MISSING)) with args %!q(MISSING) and at cwd\n","time":"30 Aug 20 11:46 CST"}
{"level":"info","msg":"Exec command failed: [chdir /123: no such file or directory]\n","time":"30 Aug 20 11:46 CST"}
{"level":"info","msg":"Run [ls ] output: %!s(MISSING)\n","time":"30 Aug 20 11:46 CST"}
{"level":"info","msg":"Executing [ls /bin/ls [/bin/ls] /123] (%!s(MISSING)) with args %!q(MISSING) and at cwd %!s(MISSING)\n","time":"30 Aug 20 11:48 CST"}
{"level":"info","msg":"Exec command failed: [chdir /123: no such file or directory]\n","time":"30 Aug 20 11:48 CST"}
{"level":"info","msg":"Run [ls ] output: %!s(MISSING)\n","time":"30 Aug 20 11:48 CST"}
{"level":"info","msg":"Executing [ls /bin/ls [/bin/ls] /tmp] (%!s(MISSING)) with args %!q(MISSING) and at cwd %!s(MISSING)\n","time":"30 Aug 20 11:50 CST"}
{"level":"info","msg":"Run [ls 0042B56E-AA80-4FDD-9071-58F2A17597BD\n034838CE-831C-43A6-93E5-7865EDA4349D\n19714D2C-DAD3-46C4-8B08-C38E4133E29B\n32220773-2A17-4976-A45F-023641B5C49B\n49D6DF9A-65FF-4417-AFF9-99E4C660D39D\n537C6C0E-6F2A-4C56-8560-71A153DA5D61\n5620A0D3-34E1-473D-B0F2-6D33364F6101\n67844255-6FE1-4EB6-BB0A-836411C87EB3\n6954779B-23D9-4DC5-9E17-587ACA6C5582\n9BAD6332-DE48-4EE5-9793-AF3DBE40D13E\nAlTest1.err\nAlTest1.out\nB6722686-38E9-47F0-A1B4-1BE7FD6082E2\nB9E3A266-4941-4049-9E20-1420A133C7E0\nBA004E1E-29B3-4CAF-9878-911337A6B8F3\nBB71315E-7D02-448A-B89B-86A2ED99061F\nC44FB637-0211-4F03-9E82-38737D72755E\nCD028F70-8CCD-440C-A924-0C97920D6526\nCFF60C87-637A-481F-BAD3-517328968CD5\nD17C42B2-04B2-4EBC-A233-A5B6CA022F03\nE1903A25-E40A-4D02-96B4-1E16554FAF13\nF91ED6ED-4403-4694-9555-785D8B2ECADE\nFF3C9125-E261-488F-9E5D-B4FE0D04B538\nKSDownloadAction.QP8QbaJBxj\nV0Ph3j1yK7wdn0AE20RCCRidBhZfBN5ptc7ssCr9F8o\nadobegc.log\ncom.adobe.AdobeIPCBroker.ctrl-mw82\ncom.apple.launchd.Ccd89gFgf7\ncom.apple.launchd.xuLWkkw4z7\ncom.google.Keystone\npowerlog\n] output: %!s(MISSING)\n","time":"30 Aug 20 11:50 CST"}
{"level":"info","msg":"Executing [ls /bin/ls [/bin/ls] /tmp] (%!s(MISSING)) with args %!q(MISSING) and at cwd %!s(MISSING)\n","time":"30 Aug 20 11:54 CST"}
{"level":"info","msg":"Run [ls 0042B56E-AA80-4FDD-9071-58F2A17597BD\n034838CE-831C-43A6-93E5-7865EDA4349D\n19714D2C-DAD3-46C4-8B08-C38E4133E29B\n32220773-2A17-4976-A45F-023641B5C49B\n49D6DF9A-65FF-4417-AFF9-99E4C660D39D\n537C6C0E-6F2A-4C56-8560-71A153DA5D61\n5620A0D3-34E1-473D-B0F2-6D33364F6101\n67844255-6FE1-4EB6-BB0A-836411C87EB3\n6954779B-23D9-4DC5-9E17-587ACA6C5582\n9BAD6332-DE48-4EE5-9793-AF3DBE40D13E\nAlTest1.err\nAlTest1.out\nB6722686-38E9-47F0-A1B4-1BE7FD6082E2\nB9E3A266-4941-4049-9E20-1420A133C7E0\nBA004E1E-29B3-4CAF-9878-911337A6B8F3\nBB71315E-7D02-448A-B89B-86A2ED99061F\nC44FB637-0211-4F03-9E82-38737D72755E\nCD028F70-8CCD-440C-A924-0C97920D6526\nCFF60C87-637A-481F-BAD3-517328968CD5\nD17C42B2-04B2-4EBC-A233-A5B6CA022F03\nE1903A25-E40A-4D02-96B4-1E16554FAF13\nF91ED6ED-4403-4694-9555-785D8B2ECADE\nFF3C9125-E261-488F-9E5D-B4FE0D04B538\nKSDownloadAction.QP8QbaJBxj\nV0Ph3j1yK7wdn0AE20RCCRidBhZfBN5ptc7ssCr9F8o\nadobegc.log\ncom.adobe.AdobeIPCBroker.ctrl-mw82\ncom.apple.launchd.Ccd89gFgf7\ncom.apple.launchd.xuLWkkw4z7\ncom.google.Keystone\npowerlog\n] output: %!s(MISSING)\n","time":"30 Aug 20 11:54 CST"}
{"level":"info","msg":"Executing ls (/bin/ls) with args [/bin/ls] and at cwd /tmp\n","time":"30 Aug 20 11:58 CST"}
{"level":"info","msg":"Run ls output: 0042B56E-AA80-4FDD-9071-58F2A17597BD\n034838CE-831C-43A6-93E5-7865EDA4349D\n19714D2C-DAD3-46C4-8B08-C38E4133E29B\n32220773-2A17-4976-A45F-023641B5C49B\n49D6DF9A-65FF-4417-AFF9-99E4C660D39D\n537C6C0E-6F2A-4C56-8560-71A153DA5D61\n5620A0D3-34E1-473D-B0F2-6D33364F6101\n67844255-6FE1-4EB6-BB0A-836411C87EB3\n6954779B-23D9-4DC5-9E17-587ACA6C5582\n9BAD6332-DE48-4EE5-9793-AF3DBE40D13E\nAlTest1.err\nAlTest1.out\nB6722686-38E9-47F0-A1B4-1BE7FD6082E2\nB9E3A266-4941-4049-9E20-1420A133C7E0\nBA004E1E-29B3-4CAF-9878-911337A6B8F3\nBB71315E-7D02-448A-B89B-86A2ED99061F\nC44FB637-0211-4F03-9E82-38737D72755E\nCD028F70-8CCD-440C-A924-0C97920D6526\nCFF60C87-637A-481F-BAD3-517328968CD5\nD17C42B2-04B2-4EBC-A233-A5B6CA022F03\nE1903A25-E40A-4D02-96B4-1E16554FAF13\nF91ED6ED-4403-4694-9555-785D8B2ECADE\nFF3C9125-E261-488F-9E5D-B4FE0D04B538\nKSDownloadAction.QP8QbaJBxj\nV0Ph3j1yK7wdn0AE20RCCRidBhZfBN5ptc7ssCr9F8o\nadobegc.log\ncom.adobe.AdobeIPCBroker.ctrl-mw82\ncom.apple.launchd.Ccd89gFgf7\ncom.apple.launchd.xuLWkkw4z7\ncom.google.Keystone\npowerlog\n\n","time":"30 Aug 20 11:58 CST"}
{"level":"info","msg":"Executing ls (/bin/ls) with args [] and at cwd /tmp\n","time":"30 Aug 20 12:00 CST"}
{"level":"info","msg":"Run ls output: 0042B56E-AA80-4FDD-9071-58F2A17597BD\n034838CE-831C-43A6-93E5-7865EDA4349D\n19714D2C-DAD3-46C4-8B08-C38E4133E29B\n32220773-2A17-4976-A45F-023641B5C49B\n49D6DF9A-65FF-4417-AFF9-99E4C660D39D\n537C6C0E-6F2A-4C56-8560-71A153DA5D61\n5620A0D3-34E1-473D-B0F2-6D33364F6101\n67844255-6FE1-4EB6-BB0A-836411C87EB3\n6954779B-23D9-4DC5-9E17-587ACA6C5582\n9BAD6332-DE48-4EE5-9793-AF3DBE40D13E\nAlTest1.err\nAlTest1.out\nB6722686-38E9-47F0-A1B4-1BE7FD6082E2\nB9E3A266-4941-4049-9E20-1420A133C7E0\nBA004E1E-29B3-4CAF-9878-911337A6B8F3\nBB71315E-7D02-448A-B89B-86A2ED99061F\nC44FB637-0211-4F03-9E82-38737D72755E\nCD028F70-8CCD-440C-A924-0C97920D6526\nCFF60C87-637A-481F-BAD3-517328968CD5\nD17C42B2-04B2-4EBC-A233-A5B6CA022F03\nE1903A25-E40A-4D02-96B4-1E16554FAF13\nF91ED6ED-4403-4694-9555-785D8B2ECADE\nFF3C9125-E261-488F-9E5D-B4FE0D04B538\nKSDownloadAction.QP8QbaJBxj\nV0Ph3j1yK7wdn0AE20RCCRidBhZfBN5ptc7ssCr9F8o\nadobegc.log\ncom.adobe.AdobeIPCBroker.ctrl-mw82\ncom.apple.launchd.Ccd89gFgf7\ncom.apple.launchd.xuLWkkw4z7\ncom.google.Keystone\npowerlog\n\n","time":"30 Aug 20 12:00 CST"}
{"level":"info","msg":"Executing ls (/bin/ls) with args [] and at /tmp\n","time":"30 Aug 20 12:20 CST"}
{"level":"info","msg":"Run ls output: 0042B56E-AA80-4FDD-9071-58F2A17597BD\n034838CE-831C-43A6-93E5-7865EDA4349D\n19714D2C-DAD3-46C4-8B08-C38E4133E29B\n32220773-2A17-4976-A45F-023641B5C49B\n49D6DF9A-65FF-4417-AFF9-99E4C660D39D\n537C6C0E-6F2A-4C56-8560-71A153DA5D61\n5620A0D3-34E1-473D-B0F2-6D33364F6101\n67844255-6FE1-4EB6-BB0A-836411C87EB3\n6954779B-23D9-4DC5-9E17-587ACA6C5582\n9BAD6332-DE48-4EE5-9793-AF3DBE40D13E\nAlTest1.err\nAlTest1.out\nB6722686-38E9-47F0-A1B4-1BE7FD6082E2\nB9E3A266-4941-4049-9E20-1420A133C7E0\nBA004E1E-29B3-4CAF-9878-911337A6B8F3\nBB71315E-7D02-448A-B89B-86A2ED99061F\nC44FB637-0211-4F03-9E82-38737D72755E\nCD028F70-8CCD-440C-A924-0C97920D6526\nCFF60C87-637A-481F-BAD3-517328968CD5\nD17C42B2-04B2-4EBC-A233-A5B6CA022F03\nE1903A25-E40A-4D02-96B4-1E16554FAF13\nF91ED6ED-4403-4694-9555-785D8B2ECADE\nFF3C9125-E261-488F-9E5D-B4FE0D04B538\nKSDownloadAction.QP8QbaJBxj\nV0Ph3j1yK7wdn0AE20RCCRidBhZfBN5ptc7ssCr9F8o\nadobegc.log\ncom.adobe.AdobeIPCBroker.ctrl-mw82\ncom.apple.launchd.Ccd89gFgf7\ncom.apple.launchd.xuLWkkw4z7\ncom.google.Keystone\npowerlog\n\n","time":"30 Aug 20 12:20 CST"}
{"level":"info","msg":"Executing ls (/bin/ls) with args [0 00 000] and at /tmp\n","time":"30 Aug 20 12:20 CST"}
{"level":"info","msg":"Exec command failed: exit status 1\n","time":"30 Aug 20 12:20 CST"}
{"level":"info","msg":"Run ls output: 0: 00: No such file or directory\n0: 000: No such file or directory\n\n","time":"30 Aug 20 12:20 CST"}
{"level":"info","msg":"Executing ls (/bin/ls) with args [aa bb] and at /tmp\n","time":"30 Aug 20 12:25 CST"}
{"level":"info","msg":"Exec command failed: exit status 1\n","time":"30 Aug 20 12:25 CST"}
{"level":"info","msg":"Run ls output: aa: bb: No such file or directory\n\n","time":"30 Aug 20 12:25 CST"}
{"level":"info","msg":"Executing ls (/bin/ls) with args [-l -s -a] and at /tmp\n","time":"30 Aug 20 12:26 CST"}
{"level":"info","msg":"Run ls output: total 32\n 0 .\n 0 ..\n 0 .s.PGSQL.5432\n 8 .s.PGSQL.5432.lock\n 0 0042B56E-AA80-4FDD-9071-58F2A17597BD\n 0 034838CE-831C-43A6-93E5-7865EDA4349D\n 0 19714D2C-DAD3-46C4-8B08-C38E4133E29B\n 0 32220773-2A17-4976-A45F-023641B5C49B\n 0 49D6DF9A-65FF-4417-AFF9-99E4C660D39D\n 0 537C6C0E-6F2A-4C56-8560-71A153DA5D61\n 0 5620A0D3-34E1-473D-B0F2-6D33364F6101\n 0 67844255-6FE1-4EB6-BB0A-836411C87EB3\n 0 6954779B-23D9-4DC5-9E17-587ACA6C5582\n 0 9BAD6332-DE48-4EE5-9793-AF3DBE40D13E\n 0 AlTest1.err\n 0 AlTest1.out\n 0 B6722686-38E9-47F0-A1B4-1BE7FD6082E2\n 0 B9E3A266-4941-4049-9E20-1420A133C7E0\n 0 BA004E1E-29B3-4CAF-9878-911337A6B8F3\n 0 BB71315E-7D02-448A-B89B-86A2ED99061F\n 0 C44FB637-0211-4F03-9E82-38737D72755E\n 0 CD028F70-8CCD-440C-A924-0C97920D6526\n 0 CFF60C87-637A-481F-BAD3-517328968CD5\n 0 D17C42B2-04B2-4EBC-A233-A5B6CA022F03\n 0 E1903A25-E40A-4D02-96B4-1E16554FAF13\n 0 F91ED6ED-4403-4694-9555-785D8B2ECADE\n 0 FF3C9125-E261-488F-9E5D-B4FE0D04B538\n 0 KSDownloadAction.QP8QbaJBxj\n 0 V0Ph3j1yK7wdn0AE20RCCRidBhZfBN5ptc7ssCr9F8o\n24 adobegc.log\n 0 com.adobe.AdobeIPCBroker.ctrl-mw82\n 0 com.apple.launchd.Ccd89gFgf7\n 0 com.apple.launchd.xuLWkkw4z7\n 0 com.google.Keystone\n 0 powerlog\n\n","time":"30 Aug 20 12:26 CST"}
{"level":"info","msg":"[GET]","time":"30 Aug 20 12:34 CST"}
{"level":"info","msg":"Executing ls (/bin/ls) with args [-l -s -a] and at /tmp\n","time":"30 Aug 20 12:34 CST"}
{"level":"info","msg":"Run ls output: total 32\n 0 .\n 0 ..\n 0 .s.PGSQL.5432\n 8 .s.PGSQL.5432.lock\n 0 0042B56E-AA80-4FDD-9071-58F2A17597BD\n 0 034838CE-831C-43A6-93E5-7865EDA4349D\n 0 19714D2C-DAD3-46C4-8B08-C38E4133E29B\n 0 32220773-2A17-4976-A45F-023641B5C49B\n 0 49D6DF9A-65FF-4417-AFF9-99E4C660D39D\n 0 537C6C0E-6F2A-4C56-8560-71A153DA5D61\n 0 5620A0D3-34E1-473D-B0F2-6D33364F6101\n 0 67844255-6FE1-4EB6-BB0A-836411C87EB3\n 0 6954779B-23D9-4DC5-9E17-587ACA6C5582\n 0 9BAD6332-DE48-4EE5-9793-AF3DBE40D13E\n 0 AlTest1.err\n 0 AlTest1.out\n 0 B6722686-38E9-47F0-A1B4-1BE7FD6082E2\n 0 B9E3A266-4941-4049-9E20-1420A133C7E0\n 0 BA004E1E-29B3-4CAF-9878-911337A6B8F3\n 0 BB71315E-7D02-448A-B89B-86A2ED99061F\n 0 C44FB637-0211-4F03-9E82-38737D72755E\n 0 CD028F70-8CCD-440C-A924-0C97920D6526\n 0 CFF60C87-637A-481F-BAD3-517328968CD5\n 0 D17C42B2-04B2-4EBC-A233-A5B6CA022F03\n 0 E1903A25-E40A-4D02-96B4-1E16554FAF13\n 0 F91ED6ED-4403-4694-9555-785D8B2ECADE\n 0 FF3C9125-E261-488F-9E5D-B4FE0D04B538\n 0 KSDownloadAction.QP8QbaJBxj\n 0 V0Ph3j1yK7wdn0AE20RCCRidBhZfBN5ptc7ssCr9F8o\n24 adobegc.log\n 0 com.adobe.AdobeIPCBroker.ctrl-mw82\n 0 com.apple.launchd.Ccd89gFgf7\n 0 com.apple.launchd.xuLWkkw4z7\n 0 com.google.Keystone\n 0 powerlog\n\n","time":"30 Aug 20 12:34 CST"}
{"level":"info","msg":"Executing ls (/bin/ls) with args [-l -s -a] and at /tmp\n","time":"30 Aug 20 12:47 CST"}
{"level":"info","msg":"Run ls output: total 32\n 0 .\n 0 ..\n 0 .s.PGSQL.5432\n 8 .s.PGSQL.5432.lock\n 0 0042B56E-AA80-4FDD-9071-58F2A17597BD\n 0 034838CE-831C-43A6-93E5-7865EDA4349D\n 0 19714D2C-DAD3-46C4-8B08-C38E4133E29B\n 0 32220773-2A17-4976-A45F-023641B5C49B\n 0 49D6DF9A-65FF-4417-AFF9-99E4C660D39D\n 0 537C6C0E-6F2A-4C56-8560-71A153DA5D61\n 0 5620A0D3-34E1-473D-B0F2-6D33364F6101\n 0 67844255-6FE1-4EB6-BB0A-836411C87EB3\n 0 6954779B-23D9-4DC5-9E17-587ACA6C5582\n 0 9BAD6332-DE48-4EE5-9793-AF3DBE40D13E\n 0 AlTest1.err\n 0 AlTest1.out\n 0 B6722686-38E9-47F0-A1B4-1BE7FD6082E2\n 0 B9E3A266-4941-4049-9E20-1420A133C7E0\n 0 BA004E1E-29B3-4CAF-9878-911337A6B8F3\n 0 BB71315E-7D02-448A-B89B-86A2ED99061F\n 0 C44FB637-0211-4F03-9E82-38737D72755E\n 0 CD028F70-8CCD-440C-A924-0C97920D6526\n 0 CFF60C87-637A-481F-BAD3-517328968CD5\n 0 D17C42B2-04B2-4EBC-A233-A5B6CA022F03\n 0 E1903A25-E40A-4D02-96B4-1E16554FAF13\n 0 F91ED6ED-4403-4694-9555-785D8B2ECADE\n 0 FF3C9125-E261-488F-9E5D-B4FE0D04B538\n 0 KSDownloadAction.QP8QbaJBxj\n 0 V0Ph3j1yK7wdn0AE20RCCRidBhZfBN5ptc7ssCr9F8o\n24 adobegc.log\n 0 com.adobe.AdobeIPCBroker.ctrl-mw82\n 0 com.apple.launchd.Ccd89gFgf7\n 0 com.apple.launchd.xuLWkkw4z7\n 0 com.google.Keystone\n 0 powerlog\n\n","time":"30 Aug 20 12:47 CST"}
{"level":"info","msg":"Executing ls (/bin/ls) with args [--tag latest --pushed_at 2016-11-29 12:25:46 --digest sha256:457f4aa83fc9a6663ab9d1b0a6e2dce25a12a943ed5bf2c1747c58d48bbb4917] and at /tmp\n","time":"30 Aug 20 16:45 CST"}
{"level":"info","msg":"Exec command failed: exit status 1\n","time":"30 Aug 20 16:45 CST"}
{"level":"info","msg":"Run ls output: --tag: --digest: No such file or directory\n--tag: --pushed_at: No such file or directory\n--tag: 2016-11-29 12:25:46: No such file or directory\n--tag: latest: No such file or directory\n--tag: sha256:457f4aa83fc9a6663ab9d1b0a6e2dce25a12a943ed5bf2c1747c58d48bbb4917: No such file or directory\n\n","time":"30 Aug 20 16:45 CST"}
{"level":"info","msg":"Aliyun registry hooker run command failed: exit status 1\n","time":"30 Aug 20 16:45 CST"}
{"level":"info","msg":"Error locating command: 'sh-test.sh'","time":"30 Aug 20 17:19 CST"}
{"level":"info","msg":"Aliyun registry hooker run command failed: exec: \"sh-test.sh\": executable file not found in $PATH\n","time":"30 Aug 20 17:19 CST"}
{"level":"info","msg":"Error locating command: 'sh-test.sh'","time":"30 Aug 20 17:24 CST"}
{"level":"info","msg":"Aliyun registry hooker run command failed: exec: \"sh-test.sh\": executable file not found in $PATH\n","time":"30 Aug 20 17:24 CST"}
{"level":"info","msg":"Error locating command: 'sh-test.sh'","time":"30 Aug 20 17:25 CST"}
{"level":"info","msg":"Aliyun registry hooker run command failed: exec: \"~/projects/hookme/sh-test.sh\": stat ~/projects/hookme/sh-test.sh: no such file or directory\n","time":"30 Aug 20 17:25 CST"}
{"level":"info","msg":"Error locating command: 'sh-test.sh'","time":"30 Aug 20 17:27 CST"}
{"level":"info","msg":"Aliyun registry hooker run command failed: exec: \"sh-test.sh\": executable file not found in $PATH\n","time":"30 Aug 20 17:27 CST"}
{"level":"info","msg":"Error locating command: 'sh-test.sh'","time":"30 Aug 20 20:55 CST"}
{"level":"info","msg":"Aliyun registry hooker run command failed: exec: \"/Users/mw82/projects/hookme/sh-test.sh\": stat /Users/mw82/projects/hookme/sh-test.sh: no such file or directory\n","time":"30 Aug 20 20:55 CST"}
{"level":"info","msg":"Error locating command: 'sh-test.sh'","time":"30 Aug 20 20:59 CST"}
{"level":"info","msg":"Aliyun registry hooker run command failed: exec: \"sh-test.sh\": executable file not found in $PATH\n","time":"30 Aug 20 20:59 CST"}
{"level":"info","msg":"Error locating command: 'sh-test.sh'","time":"30 Aug 20 21:01 CST"}
{"level":"info","msg":"Aliyun registry hooker run command failed: exec: \"/Users/mw82/projects/hookme/sh-test.sh\": permission denied\n","time":"30 Aug 20 21:01 CST"}
{"level":"info","msg":"Executing sh-test.sh (/Users/mw82/projects/hookme/sh-test.sh) with args [-tag latest -pushed_at 2016-11-29 12:25:46 -digest sha256:457f4aa83fc9a6663ab9d1b0a6e2dce25a12a943ed5bf2c1747c58d48bbb4917] and at /Users/mw82/projects/hookme\n","time":"30 Aug 20 21:03 CST"}
{"level":"info","msg":"Exec command failed: exit status 1\n","time":"30 Aug 20 21:03 CST"}
{"level":"info","msg":"Run sh-test.sh output: Some or all of the parameters are empty\n\nUsage: /Users/mw82/projects/hookme/sh-test.sh -t tag -pushed_at pushed_at -digest digest\n\t-tag tag\n\t-pushed_at pushed_at\n\t-digest digest\n\n","time":"30 Aug 20 21:03 CST"}
{"level":"info","msg":"Aliyun registry hooker run command failed: exit status 1\n","time":"30 Aug 20 21:03 CST"}
{"level":"info","msg":"Executing sh-test.sh (/Users/mw82/projects/hookme/sh-test.sh) with args [-tag latest -pushed_at 2016-11-29 12:25:46 -digest sha256:457f4aa83fc9a6663ab9d1b0a6e2dce25a12a943ed5bf2c1747c58d48bbb4917] and at /Users/mw82/projects/hookme\n","time":"30 Aug 20 21:09 CST"}
{"level":"info","msg":"Exec command failed: exit status 1\n","time":"30 Aug 20 21:09 CST"}
{"level":"info","msg":"Run sh-test.sh output: Some or all of the parameters are empty\n\nUsage: /Users/mw82/projects/hookme/sh-test.sh -t tag -pushed_at pushed_at -digest digest\n\t-tag tag\n\t-pushed_at pushed_at\n\t-digest digest\n\n","time":"30 Aug 20 21:09 CST"}
{"level":"info","msg":"Aliyun registry hooker run command failed: exit status 1\n","time":"30 Aug 20 21:09 CST"}
{"level":"info","msg":"Executing sh-test.sh (/Users/mw82/projects/hookme/sh-test.sh) with args [-tag latest -pushed_at 2016-11-29 12:25:46 -digest sha256:457f4aa83fc9a6663ab9d1b0a6e2dce25a12a943ed5bf2c1747c58d48bbb4917] and at /Users/mw82/projects/hookme\n","time":"30 Aug 20 21:10 CST"}
{"level":"info","msg":"Exec command failed: exit status 1\n","time":"30 Aug 20 21:10 CST"}
{"level":"info","msg":"Run sh-test.sh output: Some or all of the parameters are empty\n\nUsage: /Users/mw82/projects/hookme/sh-test.sh -t tag -pushed_at pushed_at -digest digest\n\t-tag tag\n\t-pushed_at pushed_at\n\t-digest digest\n\n","time":"30 Aug 20 21:10 CST"}
{"level":"info","msg":"Aliyun registry hooker run command failed: exit status 1\n","time":"30 Aug 20 21:10 CST"}
{"level":"info","msg":"Executing sh-test.sh (/Users/mw82/projects/hookme/sh-test.sh) with args [-tag latest -pushed_at 2016-11-29 12:25:46 -digest sha256:457f4aa83fc9a6663ab9d1b0a6e2dce25a12a943ed5bf2c1747c58d48bbb4917] and at /Users/mw82/projects/hookme\n","time":"30 Aug 20 21:11 CST"}
{"level":"info","msg":"Exec command failed: exit status 1\n","time":"30 Aug 20 21:11 CST"}
{"level":"info","msg":"Run sh-test.sh output: Some or all of the parameters are empty\n\nUsage: /Users/mw82/projects/hookme/sh-test.sh -t tag -pushed_at pushed_at -digest digest\n\t-tag tag\n\t-pushed_at pushed_at\n\t-digest digest\n\n","time":"30 Aug 20 21:11 CST"}
{"level":"info","msg":"Aliyun registry hooker run command failed: exit status 1\n","time":"30 Aug 20 21:11 CST"}
{"level":"info","msg":"Executing sh-test.sh (/Users/mw82/projects/hookme/sh-test.sh) with args [-tag latest -pushed_at 2016-11-29 12:25:46 -digest sha256:457f4aa83fc9a6663ab9d1b0a6e2dce25a12a943ed5bf2c1747c58d48bbb4917] and at /Users/mw82/projects/hookme\n","time":"30 Aug 20 21:14 CST"}
{"level":"info","msg":"Exec command failed: exit status 1\n","time":"30 Aug 20 21:14 CST"}
{"level":"info","msg":"Run sh-test.sh output: Some or all of the parameters are empty\n\nUsage: /Users/mw82/projects/hookme/sh-test.sh -t tag -pushed_at pushed_at -digest digest\n\t-tag tag\n\t-pushed_at pushed_at\n\t-digest digest\n\n","time":"30 Aug 20 21:14 CST"}
{"level":"info","msg":"Aliyun registry hooker run command failed: exit status 1\n","time":"30 Aug 20 21:14 CST"}
{"level":"info","msg":"Executing sh-test.sh (/Users/mw82/projects/hookme/sh-test.sh) with args [-t latest -p 2016-11-29 12:25:46 -d sha256:457f4aa83fc9a6663ab9d1b0a6e2dce25a12a943ed5bf2c1747c58d48bbb4917] and at /Users/mw82/projects/hookme\n","time":"30 Aug 20 21:22 CST"}
{"level":"info","msg":"Exec command failed: exit status 1\n","time":"30 Aug 20 21:22 CST"}
{"level":"info","msg":"Run sh-test.sh output: Some or all of the parameters are empty\n\nUsage: /Users/mw82/projects/hookme/sh-test.sh -t tag -p pushed_at -d digest\n\t-tag tag\n\t-pushed_at pushed_at\n\t-digest digest\n\n","time":"30 Aug 20 21:22 CST"}
{"level":"info","msg":"Aliyun registry hooker run command failed: exit status 1\n","time":"30 Aug 20 21:22 CST"}
{"level":"info","msg":"Executing sh-test.sh (/Users/mw82/projects/hookme/sh-test.sh) with args [-t latest -p \"2016-11-29 12:25:46\" -d sha256:457f4aa83fc9a6663ab9d1b0a6e2dce25a12a943ed5bf2c1747c58d48bbb4917] and at /Users/mw82/projects/hookme\n","time":"30 Aug 20 21:36 CST"}
{"level":"info","msg":"Exec command failed: exit status 1\n","time":"30 Aug 20 21:36 CST"}
{"level":"info","msg":"Run sh-test.sh output: Some or all of the parameters are empty\n\nUsage: /Users/mw82/projects/hookme/sh-test.sh -t tag -p pushed_at -d digest\n\t-tag tag\n\t-pushed_at pushed_at\n\t-digest digest\n\n","time":"30 Aug 20 21:36 CST"}
{"level":"info","msg":"Aliyun registry hooker run command failed: exit status 1\n","time":"30 Aug 20 21:36 CST"}
{"level":"info","msg":"Executing sh-test.sh (/Users/mw82/projects/hookme/sh-test.sh) with args [-tag latest -pushed_at \"2016-11-29 12:25:46\" -digest sha256:457f4aa83fc9a6663ab9d1b0a6e2dce25a12a943ed5bf2c1747c58d48bbb4917] and at /Users/mw82/projects/hookme\n","time":"30 Aug 20 21:39 CST"}
{"level":"info","msg":"Exec command failed: exit status 1\n","time":"30 Aug 20 21:39 CST"}
{"level":"info","msg":"Run sh-test.sh output: Some or all of the parameters are empty\n\nUsage: /Users/mw82/projects/hookme/sh-test.sh -t tag -p pushed_at -d digest\n\t-tag tag\n\t-pushed_at pushed_at\n\t-digest digest\n\n","time":"30 Aug 20 21:39 CST"}
{"level":"info","msg":"Aliyun registry hooker run command failed: exit status 1\n","time":"30 Aug 20 21:39 CST"}
{"level":"info","msg":"Executing aliyun-cr-hook-shell.sh (/Users/mw82/projects/hookme/aliyun-cr-hook-shell.sh) with args [-t latest -p \"2016-11-29 12:25:46\" -d sha256:457f4aa83fc9a6663ab9d1b0a6e2dce25a12a943ed5bf2c1747c58d48bbb4917] and at /Users/mw82/projects/hookme\n","time":"31 Aug 20 22:01 CST"}
{"level":"info","msg":"Exec command failed: exit status 99\n","time":"31 Aug 20 22:01 CST"}
{"level":"info","msg":"Run aliyun-cr-hook-shell.sh output: aliyun-cr-hook-shell.sh: -: option requires an argument\nUsage: aliyun-cr-hook-shell.sh [-t[tag]] [-p[pushed_at]] [-d[digest]]\n\n","time":"31 Aug 20 22:01 CST"}
{"level":"info","msg":"Aliyun registry hooker run command failed: exit status 99\n","time":"31 Aug 20 22:01 CST"}
{"level":"info","msg":"Executing aliyun-cr-hook-shell.sh (/Users/mw82/projects/hookme/aliyun-cr-hook-shell.sh) with args [-t latest -p \"2016-11-29 12:25:46\" -d sha256:457f4aa83fc9a6663ab9d1b0a6e2dce25a12a943ed5bf2c1747c58d48bbb4917] and at /Users/mw82/projects/hookme\n","time":"31 Aug 20 22:06 CST"}
{"level":"info","msg":"Exec command failed: exit status 99\n","time":"31 Aug 20 22:06 CST"}
{"level":"info","msg":"Run aliyun-cr-hook-shell.sh output: aliyun-cr-hook-shell.sh: option requires an argument\nUsage: aliyun-cr-hook-shell.sh [-t[tag]] [-p[pushed_at]] [-d[digest]]\n\n","time":"31 Aug 20 22:06 CST"}
{"level":"info","msg":"Aliyun registry hooker run command failed: exit status 99\n","time":"31 Aug 20 22:06 CST"}
{"level":"info","msg":"Executing aliyun-cr-hook-shell.sh (/Users/mw82/projects/hookme/aliyun-cr-hook-shell.sh) with args [-t latest -p \"2016-11-29 12:25:46\" -d sha256:457f4aa83fc9a6663ab9d1b0a6e2dce25a12a943ed5bf2c1747c58d48bbb4917] and at /Users/mw82/projects/hookme\n","time":"31 Aug 20 22:06 CST"}
{"level":"info","msg":"Exec command failed: exit status 99\n","time":"31 Aug 20 22:06 CST"}
{"level":"info","msg":"Run aliyun-cr-hook-shell.sh output: \n\n\naliyun-cr-hook-shell.sh: option requires an argument\nUsage: aliyun-cr-hook-shell.sh [-t[tag]] [-p[pushed_at]] [-d[digest]]\n\n","time":"31 Aug 20 22:06 CST"}
{"level":"info","msg":"Aliyun registry hooker run command failed: exit status 99\n","time":"31 Aug 20 22:06 CST"}
{"level":"info","msg":"Executing aliyun-cr-hook-shell.sh (/Users/mw82/projects/hookme/aliyun-cr-hook-shell.sh) with args [-t latest -p \"2016-11-29 12:25:46\" -d sha256:457f4aa83fc9a6663ab9d1b0a6e2dce25a12a943ed5bf2c1747c58d48bbb4917] and at /Users/mw82/projects/hookme\n","time":"31 Aug 20 22:22 CST"}
{"level":"info","msg":"Exec command failed: exit status 2\n","time":"31 Aug 20 22:22 CST"}
{"level":"info","msg":"Run aliyun-cr-hook-shell.sh output: latest\n\"2016-11-29 12:25:46\"\nsha256:457f4aa83fc9a6663ab9d1b0a6e2dce25a12a943ed5bf2c1747c58d48bbb4917\nlatest\n\"2016-11-29 12:25:46\"\nsha256:457f4aa83fc9a6663ab9d1b0a6e2dce25a12a943ed5bf2c1747c58d48bbb4917\nUpdate yfxs app to latest\n/Users/mw82/projects/yfxs-docker/bin/update.sh: line 13: docker-compose: command not found\nmake: *** [update] Error 127\n\n","time":"31 Aug 20 22:22 CST"}
{"level":"info","msg":"Aliyun registry hooker run command failed: exit status 2\n","time":"31 Aug 20 22:22 CST"}
{"level":"info","msg":"Executing aliyun-cr-hook-shell.sh (/Users/mw82/projects/hookme/aliyun-cr-hook-shell.sh) with args [/Users/mw82/projects/hookme/aliyun-cr-hook-shell.sh -t latest -p \"2016-11-29 12:25:46\" -d sha256:457f4aa83fc9a6663ab9d1b0a6e2dce25a12a943ed5bf2c1747c58d48bbb4917] and at /Users/mw82/projects/hookme\n","time":"31 Aug 20 22:26 CST"}
{"level":"info","msg":"Exec command failed: exit status 2\n","time":"31 Aug 20 22:26 CST"}
{"level":"info","msg":"Run aliyun-cr-hook-shell.sh output: latest\n\"2016-11-29 12:25:46\"\nsha256:457f4aa83fc9a6663ab9d1b0a6e2dce25a12a943ed5bf2c1747c58d48bbb4917\nlatest\n\"2016-11-29 12:25:46\"\nsha256:457f4aa83fc9a6663ab9d1b0a6e2dce25a12a943ed5bf2c1747c58d48bbb4917\nUpdate yfxs app to latest\n/Users/mw82/projects/yfxs-docker/bin/update.sh: line 13: docker-compose: command not found\nmake: *** [update] Error 127\n\n","time":"31 Aug 20 22:26 CST"}
{"level":"info","msg":"Aliyun registry hooker run command failed: exit status 2\n","time":"31 Aug 20 22:26 CST"}
{"level":"info","msg":"","time":"01 Sep 20 20:25 CST"}
{"level":"info","msg":"","time":"01 Sep 20 20:25 CST"}
{"level":"info","msg":"","time":"01 Sep 20 20:25 CST"}
{"level":"info","msg":"aliyun-cr-hook-shell.sh: option requires an argument","time":"01 Sep 20 20:25 CST"}
{"level":"info","msg":"Usage: aliyun-cr-hook-shell.sh [-t[tag]] [-p[pushed_at]] [-d[digest]]","time":"01 Sep 20 20:25 CST"}
{"level":"info","msg":"Aliyun registry hooker run command failed: exit status 99\n","time":"01 Sep 20 20:25 CST"}
{"level":"info","msg":"Error locating command: 'aliyun-registry-hook-shell.sh'","time":"01 Sep 20 20:28 CST"}
{"level":"info","msg":"Aliyun registry hooker run command failed: exec: \"/Users/mw82/projects/hookme/aliyun-registry-hook-shell.sh\": permission denied\n","time":"01 Sep 20 20:28 CST"}
{"level":"info","msg":"{\"push_data\":{\"digest\":\"sha256:457f4aa83fc9a6663ab9d1b0a6e2dce25a12a943ed5bf2c1747c58d48bbb4917\",\"pushed_at\":\"2016-11-29 12:25:46\",\"tag\":\"latest\"},\"repository\":{\"date_created\":\"2016-10-28 21:31:42\",\"name\":\"repoTest\",\"namespace\":\"namespace\",\"region\":\"cn-hangzhou\",\"repo_authentication_type\":\"NO_CERTIFIED\",\"repo_full_name\":\"namespace/repoTest\",\"repo_origin_type\":\"NO_CERTIFIED\",\"repo_type\":\"PUBLIC\"}}","time":"01 Sep 20 20:28 CST"}
{"level":"info","msg":"{ \"push_data\": { \"digest\": \"sha256:457f4aa83fc9a6663ab9d1b0a6e2dce25a12a943ed5bf2c1747c58d48bbb4917\", \"pushed_at\": \"2016-11-29 12:25:46\", \"tag\": \"latest\" }, \"repository\": { \"date_created\": \"2016-10-28 21:31:42\", \"name\": \"repoTest\", \"namespace\": \"namespace\", \"region\": \"cn-hangzhou\", \"repo_authentication_type\": \"NO_CERTIFIED\", \"repo_full_name\": \"namespace/repoTest\", \"repo_origin_type\": \"NO_CERTIFIED\", \"repo_type\": \"PUBLIC\" } }","time":"01 Sep 20 20:44 CST"}
{"level":"info","msg":"\"latest\"","time":"01 Sep 20 20:46 CST"}
{"level":"info","msg":"STDIN is : {","time":"01 Sep 20 20:52 CST"}
{"level":"info","msg":"  \"push_data\": {","time":"01 Sep 20 20:52 CST"}
{"level":"info","msg":"    \"digest\": \"sha256:457f4aa83fc9a6663ab9d1b0a6e2dce25a12a943ed5bf2c1747c58d48bbb4917\",","time":"01 Sep 20 20:52 CST"}
{"level":"info","msg":"    \"pushed_at\": \"2016-11-29 12:25:46\",","time":"01 Sep 20 20:52 CST"}
{"level":"info","msg":"    \"tag\": \"latest\"","time":"01 Sep 20 20:52 CST"}
{"level":"info","msg":"  },","time":"01 Sep 20 20:52 CST"}
{"level":"info","msg":"  \"repository\": {","time":"01 Sep 20 20:52 CST"}
{"level":"info","msg":"    \"date_created\": \"2016-10-28 21:31:42\",","time":"01 Sep 20 20:52 CST"}
{"level":"info","msg":"    \"name\": \"repoTest\",","time":"01 Sep 20 20:52 CST"}
{"level":"info","msg":"    \"namespace\": \"namespace\",","time":"01 Sep 20 20:52 CST"}
{"level":"info","msg":"    \"region\": \"cn-hangzhou\",","time":"01 Sep 20 20:52 CST"}
{"level":"info","msg":"    \"repo_authentication_type\": \"NO_CERTIFIED\",","time":"01 Sep 20 20:52 CST"}
{"level":"info","msg":"    \"repo_full_name\": \"namespace/repoTest\",","time":"01 Sep 20 20:52 CST"}
{"level":"info","msg":"    \"repo_origin_type\": \"NO_CERTIFIED\",","time":"01 Sep 20 20:52 CST"}
{"level":"info","msg":"    \"repo_type\": \"PUBLIC\"","time":"01 Sep 20 20:52 CST"}
{"level":"info","msg":"  }","time":"01 Sep 20 20:52 CST"}
{"level":"info","msg":"}","time":"01 Sep 20 20:52 CST"}
{"level":"info","msg":"","time":"01 Sep 20 20:52 CST"}
{"level":"info","msg":"","time":"01 Sep 20 20:52 CST"}
{"level":"info","msg":"","time":"01 Sep 20 20:52 CST"}
{"level":"info","msg":"STDIN is : {","time":"01 Sep 20 20:54 CST"}
{"level":"info","msg":"  \"push_data\": {","time":"01 Sep 20 20:54 CST"}
{"level":"info","msg":"    \"digest\": \"sha256:457f4aa83fc9a6663ab9d1b0a6e2dce25a12a943ed5bf2c1747c58d48bbb4917\",","time":"01 Sep 20 20:54 CST"}
{"level":"info","msg":"    \"pushed_at\": \"2016-11-29 12:25:46\",","time":"01 Sep 20 20:54 CST"}
{"level":"info","msg":"    \"tag\": \"latest\"","time":"01 Sep 20 20:54 CST"}
{"level":"info","msg":"  },","time":"01 Sep 20 20:54 CST"}
{"level":"info","msg":"  \"repository\": {","time":"01 Sep 20 20:54 CST"}
{"level":"info","msg":"    \"date_created\": \"2016-10-28 21:31:42\",","time":"01 Sep 20 20:54 CST"}
{"level":"info","msg":"    \"name\": \"repoTest\",","time":"01 Sep 20 20:54 CST"}
{"level":"info","msg":"    \"namespace\": \"namespace\",","time":"01 Sep 20 20:54 CST"}
{"level":"info","msg":"    \"region\": \"cn-hangzhou\",","time":"01 Sep 20 20:54 CST"}
{"level":"info","msg":"    \"repo_authentication_type\": \"NO_CERTIFIED\",","time":"01 Sep 20 20:54 CST"}
{"level":"info","msg":"    \"repo_full_name\": \"namespace/repoTest\",","time":"01 Sep 20 20:54 CST"}
{"level":"info","msg":"    \"repo_origin_type\": \"NO_CERTIFIED\",","time":"01 Sep 20 20:54 CST"}
{"level":"info","msg":"    \"repo_type\": \"PUBLIC\"","time":"01 Sep 20 20:54 CST"}
{"level":"info","msg":"  }","time":"01 Sep 20 20:54 CST"}
{"level":"info","msg":"}","time":"01 Sep 20 20:54 CST"}
{"level":"info","msg":"/Users/mw82/projects/hookme/aliyun-registry-hook-shell.sh: line 5: STDIN: command not found","time":"01 Sep 20 20:54 CST"}
{"level":"info","msg":"/Users/mw82/projects/hookme/aliyun-registry-hook-shell.sh: line 6: STDIN: command not found","time":"01 Sep 20 20:54 CST"}
{"level":"info","msg":"/Users/mw82/projects/hookme/aliyun-registry-hook-shell.sh: line 7: STDIN: command not found","time":"01 Sep 20 20:54 CST"}
{"level":"info","msg":"","time":"01 Sep 20 20:54 CST"}
{"level":"info","msg":"","time":"01 Sep 20 20:54 CST"}
{"level":"info","msg":"","time":"01 Sep 20 20:54 CST"}
{"level":"info","msg":"STDIN is : {","time":"01 Sep 20 20:54 CST"}
{"level":"info","msg":"  \"push_data\": {","time":"01 Sep 20 20:54 CST"}
{"level":"info","msg":"    \"digest\": \"sha256:457f4aa83fc9a6663ab9d1b0a6e2dce25a12a943ed5bf2c1747c58d48bbb4917\",","time":"01 Sep 20 20:54 CST"}
{"level":"info","msg":"    \"pushed_at\": \"2016-11-29 12:25:46\",","time":"01 Sep 20 20:54 CST"}
{"level":"info","msg":"    \"tag\": \"latest\"","time":"01 Sep 20 20:54 CST"}
{"level":"info","msg":"  },","time":"01 Sep 20 20:54 CST"}
{"level":"info","msg":"  \"repository\": {","time":"01 Sep 20 20:54 CST"}
{"level":"info","msg":"    \"date_created\": \"2016-10-28 21:31:42\",","time":"01 Sep 20 20:54 CST"}
{"level":"info","msg":"    \"name\": \"repoTest\",","time":"01 Sep 20 20:54 CST"}
{"level":"info","msg":"    \"namespace\": \"namespace\",","time":"01 Sep 20 20:54 CST"}
{"level":"info","msg":"    \"region\": \"cn-hangzhou\",","time":"01 Sep 20 20:54 CST"}
{"level":"info","msg":"    \"repo_authentication_type\": \"NO_CERTIFIED\",","time":"01 Sep 20 20:54 CST"}
{"level":"info","msg":"    \"repo_full_name\": \"namespace/repoTest\",","time":"01 Sep 20 20:54 CST"}
{"level":"info","msg":"    \"repo_origin_type\": \"NO_CERTIFIED\",","time":"01 Sep 20 20:54 CST"}
{"level":"info","msg":"    \"repo_type\": \"PUBLIC\"","time":"01 Sep 20 20:54 CST"}
{"level":"info","msg":"  }","time":"01 Sep 20 20:54 CST"}
{"level":"info","msg":"}","time":"01 Sep 20 20:54 CST"}
{"level":"info","msg":"/Users/mw82/projects/hookme/aliyun-registry-hook-shell.sh: line 5: {: command not found","time":"01 Sep 20 20:54 CST"}
{"level":"info","msg":"/Users/mw82/projects/hookme/aliyun-registry-hook-shell.sh: line 6: {: command not found","time":"01 Sep 20 20:54 CST"}
{"level":"info","msg":"/Users/mw82/projects/hookme/aliyun-registry-hook-shell.sh: line 7: {: command not found","time":"01 Sep 20 20:54 CST"}
{"level":"info","msg":"","time":"01 Sep 20 20:54 CST"}
{"level":"info","msg":"","time":"01 Sep 20 20:54 CST"}
{"level":"info","msg":"","time":"01 Sep 20 20:54 CST"}
{"level":"info","msg":"STDIN is : {","time":"01 Sep 20 20:55 CST"}
{"level":"info","msg":"  \"push_data\": {","time":"01 Sep 20 20:55 CST"}
{"level":"info","msg":"    \"digest\": \"sha256:457f4aa83fc9a6663ab9d1b0a6e2dce25a12a943ed5bf2c1747c58d48bbb4917\",","time":"01 Sep 20 20:55 CST"}
{"level":"info","msg":"    \"pushed_at\": \"2016-11-29 12:25:46\",","time":"01 Sep 20 20:55 CST"}
{"level":"info","msg":"    \"tag\": \"latest\"","time":"01 Sep 20 20:55 CST"}
{"level":"info","msg":"  },","time":"01 Sep 20 20:55 CST"}
{"level":"info","msg":"  \"repository\": {","time":"01 Sep 20 20:55 CST"}
{"level":"info","msg":"    \"date_created\": \"2016-10-28 21:31:42\",","time":"01 Sep 20 20:55 CST"}
{"level":"info","msg":"    \"name\": \"repoTest\",","time":"01 Sep 20 20:55 CST"}
{"level":"info","msg":"    \"namespace\": \"namespace\",","time":"01 Sep 20 20:55 CST"}
{"level":"info","msg":"    \"region\": \"cn-hangzhou\",","time":"01 Sep 20 20:55 CST"}
{"level":"info","msg":"    \"repo_authentication_type\": \"NO_CERTIFIED\",","time":"01 Sep 20 20:55 CST"}
{"level":"info","msg":"    \"repo_full_name\": \"namespace/repoTest\",","time":"01 Sep 20 20:55 CST"}
{"level":"info","msg":"    \"repo_origin_type\": \"NO_CERTIFIED\",","time":"01 Sep 20 20:55 CST"}
{"level":"info","msg":"    \"repo_type\": \"PUBLIC\"","time":"01 Sep 20 20:55 CST"}
{"level":"info","msg":"  }","time":"01 Sep 20 20:55 CST"}
{"level":"info","msg":"}","time":"01 Sep 20 20:55 CST"}
{"level":"info","msg":"\"latest\"","time":"01 Sep 20 20:55 CST"}
{"level":"info","msg":"\"2016-11-29 12:25:46\"","time":"01 Sep 20 20:55 CST"}
{"level":"info","msg":"\"sha256:457f4aa83fc9a6663ab9d1b0a6e2dce25a12a943ed5bf2c1747c58d48bbb4917\"","time":"01 Sep 20 20:55 CST"}
{"level":"info","msg":"STDIN is : {","time":"01 Sep 20 20:57 CST"}
{"level":"info","msg":"  \"push_data\": {","time":"01 Sep 20 20:57 CST"}
{"level":"info","msg":"    \"digest\": \"sha256:457f4aa83fc9a6663ab9d1b0a6e2dce25a12a943ed5bf2c1747c58d48bbb4917\",","time":"01 Sep 20 20:57 CST"}
{"level":"info","msg":"    \"pushed_at\": \"2016-11-29 12:25:46\",","time":"01 Sep 20 20:57 CST"}
{"level":"info","msg":"    \"tag\": \"latest\"","time":"01 Sep 20 20:57 CST"}
{"level":"info","msg":"  },","time":"01 Sep 20 20:57 CST"}
{"level":"info","msg":"  \"repository\": {","time":"01 Sep 20 20:57 CST"}
{"level":"info","msg":"    \"date_created\": \"2016-10-28 21:31:42\",","time":"01 Sep 20 20:57 CST"}
{"level":"info","msg":"    \"name\": \"repoTest\",","time":"01 Sep 20 20:57 CST"}
{"level":"info","msg":"    \"namespace\": \"namespace\",","time":"01 Sep 20 20:57 CST"}
{"level":"info","msg":"    \"region\": \"cn-hangzhou\",","time":"01 Sep 20 20:57 CST"}
{"level":"info","msg":"    \"repo_authentication_type\": \"NO_CERTIFIED\",","time":"01 Sep 20 20:57 CST"}
{"level":"info","msg":"    \"repo_full_name\": \"namespace/repoTest\",","time":"01 Sep 20 20:57 CST"}
{"level":"info","msg":"    \"repo_origin_type\": \"NO_CERTIFIED\",","time":"01 Sep 20 20:57 CST"}
{"level":"info","msg":"    \"repo_type\": \"PUBLIC\"","time":"01 Sep 20 20:57 CST"}
{"level":"info","msg":"  }","time":"01 Sep 20 20:57 CST"}
{"level":"info","msg":"}","time":"01 Sep 20 20:57 CST"}
{"level":"info","msg":"TAG is \"latest\"","time":"01 Sep 20 20:57 CST"}
{"level":"info","msg":"PUSHED_AT is \"2016-11-29 12:25:46\"","time":"01 Sep 20 20:57 CST"}
{"level":"info","msg":"DIGEST is \"sha256:457f4aa83fc9a6663ab9d1b0a6e2dce25a12a943ed5bf2c1747c58d48bbb4917\"","time":"01 Sep 20 20:57 CST"}
{"level":"info","msg":"Error locating command: 'aliyun-registry-hook-hookme.sh'","time":"01 Sep 20 22:11 CST"}
{"level":"info","msg":"Aliyun registry hooker run command failed: exec: \"/Users/mw82/projects/hookme/scripts/aliyun-registry-hook-hookme.sh\": stat /Users/mw82/projects/hookme/scripts/aliyun-registry-hook-hookme.sh: no such file or directory\n","time":"01 Sep 20 22:11 CST"}
{"level":"info","msg":"STDIN is : {","time":"01 Sep 20 22:12 CST"}
{"level":"info","msg":"  \"push_data\": {","time":"01 Sep 20 22:12 CST"}
{"level":"info","msg":"    \"digest\": \"sha256:457f4aa83fc9a6663ab9d1b0a6e2dce25a12a943ed5bf2c1747c58d48bbb4917\",","time":"01 Sep 20 22:12 CST"}
{"level":"info","msg":"    \"pushed_at\": \"2016-11-29 12:25:46\",","time":"01 Sep 20 22:12 CST"}
{"level":"info","msg":"    \"tag\": \"latest\"","time":"01 Sep 20 22:12 CST"}
{"level":"info","msg":"  },","time":"01 Sep 20 22:12 CST"}
{"level":"info","msg":"  \"repository\": {","time":"01 Sep 20 22:12 CST"}
{"level":"info","msg":"    \"date_created\": \"2016-10-28 21:31:42\",","time":"01 Sep 20 22:12 CST"}
{"level":"info","msg":"    \"name\": \"repoTest\",","time":"01 Sep 20 22:12 CST"}
{"level":"info","msg":"    \"namespace\": \"namespace\",","time":"01 Sep 20 22:12 CST"}
{"level":"info","msg":"    \"region\": \"cn-hangzhou\",","time":"01 Sep 20 22:12 CST"}
{"level":"info","msg":"    \"repo_authentication_type\": \"NO_CERTIFIED\",","time":"01 Sep 20 22:12 CST"}
{"level":"info","msg":"    \"repo_full_name\": \"namespace/repoTest\",","time":"01 Sep 20 22:12 CST"}
{"level":"info","msg":"    \"repo_origin_type\": \"NO_CERTIFIED\",","time":"01 Sep 20 22:12 CST"}
{"level":"info","msg":"    \"repo_type\": \"PUBLIC\"","time":"01 Sep 20 22:12 CST"}
{"level":"info","msg":"  }","time":"01 Sep 20 22:12 CST"}
{"level":"info","msg":"}","time":"01 Sep 20 22:12 CST"}
{"level":"info","msg":"TAG is \"latest\"","time":"01 Sep 20 22:12 CST"}
{"level":"info","msg":"PUSHED_AT is \"2016-11-29 12:25:46\"","time":"01 Sep 20 22:12 CST"}
{"level":"info","msg":"DIGEST is \"sha256:457f4aa83fc9a6663ab9d1b0a6e2dce25a12a943ed5bf2c1747c58d48bbb4917\"","time":"01 Sep 20 22:12 CST"}
{"level":"info","msg":"STDIN is : {","time":"01 Sep 20 22:35 CST"}
{"level":"info","msg":"  \"push_data\": {","time":"01 Sep 20 22:35 CST"}
{"level":"info","msg":"    \"digest\": \"sha256:457f4aa83fc9a6663ab9d1b0a6e2dce25a12a943ed5bf2c1747c58d48bbb4917\",","time":"01 Sep 20 22:35 CST"}
{"level":"info","msg":"    \"pushed_at\": \"2016-11-29 12:25:46\",","time":"01 Sep 20 22:35 CST"}
{"level":"info","msg":"    \"tag\": \"latest\"","time":"01 Sep 20 22:35 CST"}
{"level":"info","msg":"  },","time":"01 Sep 20 22:35 CST"}
{"level":"info","msg":"  \"repository\": {","time":"01 Sep 20 22:35 CST"}
{"level":"info","msg":"    \"date_created\": \"2016-10-28 21:31:42\",","time":"01 Sep 20 22:35 CST"}
{"level":"info","msg":"    \"name\": \"repoTest\",","time":"01 Sep 20 22:35 CST"}
{"level":"info","msg":"    \"namespace\": \"namespace\",","time":"01 Sep 20 22:35 CST"}
{"level":"info","msg":"    \"region\": \"cn-hangzhou\",","time":"01 Sep 20 22:35 CST"}
{"level":"info","msg":"    \"repo_authentication_type\": \"NO_CERTIFIED\",","time":"01 Sep 20 22:35 CST"}
{"level":"info","msg":"    \"repo_full_name\": \"namespace/repoTest\",","time":"01 Sep 20 22:35 CST"}
{"level":"info","msg":"    \"repo_origin_type\": \"NO_CERTIFIED\",","time":"01 Sep 20 22:35 CST"}
{"level":"info","msg":"    \"repo_type\": \"PUBLIC\"","time":"01 Sep 20 22:35 CST"}
{"level":"info","msg":"  }","time":"01 Sep 20 22:35 CST"}
{"level":"info","msg":"}","time":"01 Sep 20 22:35 CST"}
{"level":"info","msg":"TAG is \"latest\"","time":"01 Sep 20 22:35 CST"}
{"level":"info","msg":"PUSHED_AT is \"2016-11-29 12:25:46\"","time":"01 Sep 20 22:35 CST"}
{"level":"info","msg":"DIGEST is \"sha256:457f4aa83fc9a6663ab9d1b0a6e2dce25a12a943ed5bf2c1747c58d48bbb4917\"","time":"01 Sep 20 22:35 CST"}
